This is pdfTeX, Version 3.1415926-1.40.10 (TeX Live 2009/Debian) (format=latex 2011.9.28)  14 MAR 2012 12:08
entering extended mode
 %&-line parsing enabled.
**RaduGaceanu-Thesis.tex
(./RaduGaceanu-Thesis.tex
LaTeX2e <2009/09/24>
Babel <v3.8l> and hyphenation patterns for english, usenglishmax, dumylang, noh
yphenation, loaded.
(/usr/share/texmf-texlive/tex/latex/base/report.cls
Document Class: report 2007/10/19 v1.4h Standard LaTeX document class
(/usr/share/texmf-texlive/tex/latex/base/size11.clo
File: size11.clo 2007/10/19 v1.4h Standard LaTeX file (size option)
)
\c@part=\count79
\c@chapter=\count80
\c@section=\count81
\c@subsection=\count82
\c@subsubsection=\count83
\c@paragraph=\count84
\c@subparagraph=\count85
\c@figure=\count86
\c@table=\count87
\abovecaptionskip=\skip41
\belowcaptionskip=\skip42
\bibindent=\dimen102
)
(/usr/share/texmf-texlive/tex/latex/graphics/graphicx.sty
Package: graphicx 1999/02/16 v1.0f Enhanced LaTeX Graphics (DPC,SPQR)

(/usr/share/texmf-texlive/tex/latex/graphics/keyval.sty
Package: keyval 1999/03/16 v1.13 key=value parser (DPC)
\KV@toks@=\toks14
)
(/usr/share/texmf-texlive/tex/latex/graphics/graphics.sty
Package: graphics 2009/02/05 v1.0o Standard LaTeX Graphics (DPC,SPQR)

(/usr/share/texmf-texlive/tex/latex/graphics/trig.sty
Package: trig 1999/03/16 v1.09 sin cos tan (DPC)
)
(/etc/texmf/tex/latex/config/graphics.cfg
File: graphics.cfg 2009/08/28 v1.8 graphics configuration of TeX Live
)
Package graphics Info: Driver file: dvips.def on input line 91.

(/usr/share/texmf-texlive/tex/latex/graphics/dvips.def
File: dvips.def 1999/02/16 v3.0i Driver-dependant file (DPC,SPQR)
))
\Gin@req@height=\dimen103
\Gin@req@width=\dimen104
)
(/usr/share/texmf-texlive/tex/latex/amsfonts/amssymb.sty
Package: amssymb 2009/06/22 v3.00

(/usr/share/texmf-texlive/tex/latex/amsfonts/amsfonts.sty
Package: amsfonts 2009/06/22 v3.00 Basic AMSFonts support
\@emptytoks=\toks15
\symAMSa=\mathgroup4
\symAMSb=\mathgroup5
LaTeX Font Info:    Overwriting math alphabet `\mathfrak' in version `bold'
(Font)                  U/euf/m/n --> U/euf/b/n on input line 96.
))
(/usr/share/texmf-texlive/tex/latex/geometry/geometry.sty
Package: geometry 2008/12/21 v4.2 Page Geometry

(/usr/share/texmf-texlive/tex/generic/oberdiek/ifpdf.sty
Package: ifpdf 2009/04/10 v2.0 Provides the ifpdf switch (HO)
Package ifpdf Info: pdfTeX in pdf mode not detected.
)
(/usr/share/texmf-texlive/tex/generic/oberdiek/ifvtex.sty
Package: ifvtex 2008/11/04 v1.4 Switches for detecting VTeX and its modes (HO)
Package ifvtex Info: VTeX not detected.
)
\Gm@cnth=\count88
\Gm@cntv=\count89
\c@Gm@tempcnt=\count90
\Gm@bindingoffset=\dimen105
\Gm@wd@mp=\dimen106
\Gm@odd@mp=\dimen107
\Gm@even@mp=\dimen108
\Gm@dimlist=\toks16
)
(/usr/share/texmf-texlive/tex/generic/babel/babel.sty
Package: babel 2008/07/06 v3.8l The Babel package

(/usr/share/texmf-texlive/tex/generic/babel/english.ldf
Language: english 2005/03/30 v3.3o English support from the babel system

(/usr/share/texmf-texlive/tex/generic/babel/babel.def
File: babel.def 2008/07/06 v3.8l Babel common definitions
\babel@savecnt=\count91
\U@D=\dimen109
)
\l@british = a dialect from \language\l@english 
\l@UKenglish = a dialect from \language\l@english 
\l@canadian = a dialect from \language\l@american 
\l@australian = a dialect from \language\l@british 
\l@newzealand = a dialect from \language\l@british 
))
(/usr/share/texmf-texlive/tex/latex/tools/multicol.sty
Package: multicol 2008/12/05 v1.6h multicolumn formatting (FMi)
\c@tracingmulticols=\count92
\mult@box=\box26
\multicol@leftmargin=\dimen110
\c@unbalance=\count93
\c@collectmore=\count94
\doublecol@number=\count95
\multicoltolerance=\count96
\multicolpretolerance=\count97
\full@width=\dimen111
\page@free=\dimen112
\premulticols=\dimen113
\postmulticols=\dimen114
\multicolsep=\skip43
\multicolbaselineskip=\skip44
\partial@page=\box27
\last@line=\box28
\mult@rightbox=\box29
\mult@grightbox=\box30
\mult@gfirstbox=\box31
\mult@firstbox=\box32
\@tempa=\box33
\@tempa=\box34
\@tempa=\box35
\@tempa=\box36
\@tempa=\box37
\@tempa=\box38
\@tempa=\box39
\@tempa=\box40
\@tempa=\box41
\@tempa=\box42
\@tempa=\box43
\@tempa=\box44
\@tempa=\box45
\@tempa=\box46
\@tempa=\box47
\@tempa=\box48
\@tempa=\box49
\c@columnbadness=\count98
\c@finalcolumnbadness=\count99
\last@try=\dimen115
\multicolovershoot=\dimen116
\multicolundershoot=\dimen117
\mult@nat@firstbox=\box50
\colbreak@box=\box51
)
(/usr/share/texmf-texlive/tex/latex/algorithms/algorithm.sty
Package: algorithm 2009/08/24 v0.1 Document Style `algorithm' - floating enviro
nment

(/usr/share/texmf-texlive/tex/latex/float/float.sty
Package: float 2001/11/08 v1.3d Float enhancements (AL)
\c@float@type=\count100
\float@exts=\toks17
\float@box=\box52
\@float@everytoks=\toks18
\@floatcapt=\box53
)
(/usr/share/texmf-texlive/tex/latex/base/ifthen.sty
Package: ifthen 2001/05/26 v1.1c Standard LaTeX ifthen package (DPC)
)
\@float@every@algorithm=\toks19
\c@algorithm=\count101
)
(/usr/share/texmf-texlive/tex/latex/algorithms/algorithmic.sty
Package: algorithmic 2009/08/24 v0.1 Document Style `algorithmic'
\c@ALC@unique=\count102
\c@ALC@line=\count103
\c@ALC@rem=\count104
\c@ALC@depth=\count105
\ALC@tlm=\skip45
\algorithmicindent=\skip46
) (./psfig.sty
\@unused=\write3
\ps@stream=\read1
\p@intvaluex=\dimen118
\p@intvaluey=\dimen119

psfig/tex 1.10-dvips
) (/usr/share/texmf-texlive/tex/latex/tools/verbatim.sty
Package: verbatim 2003/08/22 v1.5q LaTeX2e package for verbatim enhancements
\every@verbatim=\toks20
\verbatim@line=\toks21
\verbatim@in@stream=\read2
)
(/usr/share/texmf-texlive/tex/latex/graphics/color.sty
Package: color 2005/11/14 v1.0j Standard LaTeX Color (DPC)

(/etc/texmf/tex/latex/config/color.cfg
File: color.cfg 2007/01/18 v1.5 color configuration of teTeX/TeXLive
)
Package color Info: Driver file: dvips.def on input line 130.

(/usr/share/texmf-texlive/tex/latex/graphics/dvipsnam.def
File: dvipsnam.def 1999/02/16 v3.0i Driver-dependant file (DPC,SPQR)
))
(/usr/share/texmf-texlive/tex/latex/setspace/setspace.sty
Package: setspace 2000/12/01 6.7 Contributed and Supported LaTeX2e package

Package: `setspace' 6.7 <2000/12/01>
) (/usr/share/texmf-texlive/tex/latex/amsmath/amsmath.sty
Package: amsmath 2000/07/18 v2.13 AMS math features
\@mathmargin=\skip47

For additional information on amsmath, use the `?' option.
(/usr/share/texmf-texlive/tex/latex/amsmath/amstext.sty
Package: amstext 2000/06/29 v2.01

(/usr/share/texmf-texlive/tex/latex/amsmath/amsgen.sty
File: amsgen.sty 1999/11/30 v2.0
\@emptytoks=\toks22
\ex@=\dimen120
))
(/usr/share/texmf-texlive/tex/latex/amsmath/amsbsy.sty
Package: amsbsy 1999/11/29 v1.2d
\pmbraise@=\dimen121
)
(/usr/share/texmf-texlive/tex/latex/amsmath/amsopn.sty
Package: amsopn 1999/12/14 v2.01 operator names
)
\inf@bad=\count106
LaTeX Info: Redefining \frac on input line 211.
\uproot@=\count107
\leftroot@=\count108
LaTeX Info: Redefining \overline on input line 307.
\classnum@=\count109
\DOTSCASE@=\count110
LaTeX Info: Redefining \ldots on input line 379.
LaTeX Info: Redefining \dots on input line 382.
LaTeX Info: Redefining \cdots on input line 467.
\Mathstrutbox@=\box54
\strutbox@=\box55
\big@size=\dimen122
LaTeX Font Info:    Redeclaring font encoding OML on input line 567.
LaTeX Font Info:    Redeclaring font encoding OMS on input line 568.
\macc@depth=\count111
\c@MaxMatrixCols=\count112
\dotsspace@=\muskip10
\c@parentequation=\count113
\dspbrk@lvl=\count114
\tag@help=\toks23
\row@=\count115
\column@=\count116
\maxfields@=\count117
\andhelp@=\toks24
\eqnshift@=\dimen123
\alignsep@=\dimen124
\tagshift@=\dimen125
\tagwidth@=\dimen126
\totwidth@=\dimen127
\lineht@=\dimen128
\@envbody=\toks25
\multlinegap=\skip48
\multlinetaggap=\skip49
\mathdisplay@stack=\toks26
LaTeX Info: Redefining \[ on input line 2666.
LaTeX Info: Redefining \] on input line 2667.
)
\c@lemma=\count118
\c@definition=\count119
\c@proof=\count120
\c@remark=\count121
\c@prop=\count122
\c@theorem=\count123

(./RaduGaceanu-Thesis.aux (./acknowledgments.aux) (./publications.aux)
(./introduction.aux) (./dataanalysis.aux

LaTeX Warning: Label `fig:decisiontree' multiply defined.

) (./contributions.aux) (./clustering.aux) (./dsselection.aux

LaTeX Warning: Label `ex' multiply defined.


LaTeX Warning: Label `tm' multiply defined.


LaTeX Warning: Label `sistem' multiply defined.


LaTeX Warning: Label `col' multiply defined.


LaTeX Warning: Label `cs' multiply defined.


LaTeX Warning: Label `cs' multiply defined.


LaTeX Warning: Label `cor' multiply defined.

) (./conclusions.aux)

LaTeX Warning: Label `Czibula11Intelligent' multiply defined.


LaTeX Warning: Label `Czibula12SVM' multiply defined.


LaTeX Warning: Label `Chira07Stigmergic' multiply defined.


LaTeX Warning: Label `Gaceanu11ABio' multiply defined.


LaTeX Warning: Label `Gaceanu11Using' multiply defined.


LaTeX Warning: Label `Gaceanu10AnAdaptive' multiply defined.


LaTeX Warning: Label `Gaceanu11AContext' multiply defined.


LaTeX Warning: Label `Gaceanu11AFuzzy' multiply defined.


LaTeX Warning: Label `Gaceanu11AnIncremental' multiply defined.


LaTeX Warning: Label `Gaceanu12SCP' multiply defined.

)
\openout1 = `RaduGaceanu-Thesis.aux'.

LaTeX Font Info:    Checking defaults for OML/cmm/m/it on input line 53.
LaTeX Font Info:    ... okay on input line 53.
LaTeX Font Info:    Checking defaults for T1/cmr/m/n on input line 53.
LaTeX Font Info:    ... okay on input line 53.
LaTeX Font Info:    Checking defaults for OT1/cmr/m/n on input line 53.
LaTeX Font Info:    ... okay on input line 53.
LaTeX Font Info:    Checking defaults for OMS/cmsy/m/n on input line 53.
LaTeX Font Info:    ... okay on input line 53.
LaTeX Font Info:    Checking defaults for OMX/cmex/m/n on input line 53.
LaTeX Font Info:    ... okay on input line 53.
LaTeX Font Info:    Checking defaults for U/cmr/m/n on input line 53.
LaTeX Font Info:    ... okay on input line 53.

*geometry auto-detecting driver*
*geometry detected driver: dvips*
-------------------- Geometry parameters
paper: a4paper
landscape: --
twocolumn: --
twoside: --
asymmetric: --
h-parts: 56.9055pt, 483.69687pt, 56.9055pt
v-parts: 56.9055pt, 731.23584pt, 56.9055pt
hmarginratio: --
vmarginratio: --
lines: --
heightrounded: --
bindingoffset: 0.0pt
truedimen: --
includehead: --
includefoot: --
includemp: --
driver: dvips
-------------------- Page layout dimensions and switches
\paperwidth  597.50787pt
\paperheight 845.04684pt
\textwidth  483.69687pt
\textheight 731.23584pt
\oddsidemargin  -15.36449pt
\evensidemargin -15.36449pt
\topmargin  -52.36449pt
\headheight 12.0pt
\headsep    25.0pt
\footskip   30.0pt
\marginparwidth 50.0pt
\marginparsep   10.0pt
\columnsep  10.0pt
\skip\footins  10.0pt plus 4.0pt minus 2.0pt
\hoffset 0.0pt
\voffset 0.0pt
\mag 1000

(1in=72.27pt, 1cm=28.45pt)
-----------------------
[1

]
\openout2 = `acknowledgments.aux'.

 (./acknowledgments.tex) [0


]
\openout2 = `publications.aux'.

 (./publications.tex [0



]) [1

]
(./RaduGaceanu-Thesis.toc
LaTeX Font Info:    Try loading font information for U+msa on input line 4.
 (/usr/share/texmf-texlive/tex/latex/amsfonts/umsa.fd
File: umsa.fd 2009/06/22 v3.00 AMS symbols A
)
LaTeX Font Info:    Try loading font information for U+msb on input line 4.
(/usr/share/texmf-texlive/tex/latex/amsfonts/umsb.fd
File: umsb.fd 2009/06/22 v3.00 AMS symbols B
) [2


])
\tf@toc=\write4
\openout4 = `RaduGaceanu-Thesis.toc'.

 [3]
(./RaduGaceanu-Thesis.lof)
\tf@lof=\write5
\openout5 = `RaduGaceanu-Thesis.lof'.

 [4

] (./RaduGaceanu-Thesis.lot)
\tf@lot=\write6
\openout6 = `RaduGaceanu-Thesis.lot'.

 [5

]
\openout2 = `introduction.aux'.


(./introduction.tex [6


] [7]
LaTeX Font Info:    Try loading font information for OMS+cmr on input line 57.
 (/usr/share/texmf-texlive/tex/latex/base/omscmr.fd
File: omscmr.fd 1999/05/25 v2.5h Standard LaTeX font definitions
)
LaTeX Font Info:    Font shape `OMS/cmr/m/n' in size <10.95> not available
(Font)              Font shape `OMS/cmsy/m/n' tried instead on input line 57.
[8]) [9]
\openout2 = `dataanalysis.aux'.

 (./dataanalysis.tex
Chapter 1.
[10



] [11] [12]
Overfull \hbox (7.8878pt too wide) in paragraph at lines 88--89
[]\OT1/cmr/m/n/10.95 analyse ob-ject ``link-ages'' at each hi-er-ar-chi-cal par
-ti-tion-ing, like in Chameleon [[]]. Chameleon
 []

[13]
psfig: searching decisiontree.eps for bounding box
psfig: including decisiontree.eps 
[14]
LaTeX Font Info:    Font shape `OMS/cmr/m/it' in size <10.95> not available
(Font)              Font shape `OMS/cmsy/m/n' tried instead on input line 158.
 [15] [16] [17]
psfig: searching nn.eps for bounding box
psfig: including nn.eps 
[18]

! LaTeX Error: \begin{align} on input line 401 ended by \end{math}.

See the LaTeX manual or LaTeX Companion for explanation.
Type  H <return>  for immediate help.
 ...                                              
                                                  
l.403 \end{math}
                
Your command was ignored.
Type  I <command> <return>  to replace it with another command,
or  <return>  to continue without it.

[19] [20] [21] [22]
psfig: searching agent.eps for bounding box
psfig: including agent.eps 

LaTeX Warning: `!h' float specifier changed to `!ht'.

[23]
psfig: searching agentperception.eps for bounding box
psfig: including agentperception.eps 
[24]
psfig: searching agentstate.eps for bounding box
psfig: including agentstate.eps 
[25] [26]
Overfull \hbox (7.13335pt too wide) in paragraph at lines 738--739
[]\OT1/cmr/m/n/10.95 The the MAX-MIN al-go-rithm is an im-prove-ment of the Ant
 Sys-tem al-go-rithm by al-low-ing pheromone
 []

) [27]
\openout2 = `contributions.aux'.

 (./contributions.tex
Chapter 2.
[28



] [29] [30] [31] [32]
psfig: searching softagent.eps for bounding box
psfig: including softagent.eps 
[33] [34]
psfig: searching agentstate.eps for bounding box
psfig: including agentstate.eps 
[35]
psfig: searching tipping.eps for bounding box
psfig: including tipping.eps 
psfig: searching fuzzyimplication.eps for bounding box
psfig: including fuzzyimplication.eps 
psfig: searching fuzzyinference.eps for bounding box
psfig: including fuzzyinference.eps 
[36] [37] [38] [39] [40] [41]
psfig: searching scp410fig1.eps for bounding box
psfig: including scp410fig1.eps 

LaTeX Warning: `!h' float specifier changed to `!ht'.

[42]) [43] [44]
\openout2 = `clustering.aux'.

 (./clustering.tex
Chapter 3.
[45



] [46]
Underfull \hbox (badness 10000) in paragraph at lines 116--118

 []

[47] [48]
Missing character: There is no â in font cmr10!
Missing character: There is no € in font cmr10!
Missing character: There is no ™ in font cmr10!
 [49]
psfig: searching similarity.eps for bounding box
psfig: including similarity.eps 
Missing character: There is no â in font cmr10!
Missing character: There is no € in font cmr10!
Missing character: There is no ™ in font cmr10!

! LaTeX Error: Something's wrong--perhaps a missing \item.

See the LaTeX manual or LaTeX Companion for explanation.
Type  H <return>  for immediate help.
 ...                                              
                                                  
l.342 		\ENDIF
              
Try typing  <return>  to proceed.
If that doesn't work, type  X <return>  to quit.

[50] [51] [52]
Missing character: There is no â in font cmr10!
Missing character: There is no € in font cmr10!
Missing character: There is no ” in font cmr10!
 [53]
psfig: searching testDs_grid.eps for bounding box
psfig: including testDs_grid.eps 
psfig: searching testDs_membership.eps for bounding box
psfig: including testDs_membership.eps 
psfig: searching weka_customds.eps for bounding box
psfig: including weka_customds.eps 

LaTeX Warning: `!h' float specifier changed to `!ht'.

psfig: searching iris_grid.eps for bounding box
psfig: including iris_grid.eps 

LaTeX Warning: `!h' float specifier changed to `!ht'.

psfig: searching iris_membership.eps for bounding box
psfig: including iris_membership.eps 

LaTeX Warning: `!h' float specifier changed to `!ht'.

[54] [55]
Underfull \hbox (badness 10000) in paragraph at lines 534--535

 []

[56]
Underfull \hbox (badness 10000) in paragraph at lines 552--553

 []

[57]
psfig: searching weka_iris.eps for bounding box
psfig: including weka_iris.eps 
Missing character: There is no â in font cmr10!
Missing character: There is no € in font cmr10!
Missing character: There is no ™ in font cmr10!
[58] [59] [60] [61] [62] [63]
File: similarity.eps Graphic file (type eps)
 <similarity.eps> [64] [65] [66] [67]) [68]
\openout2 = `dsselection.aux'.


(./dsselection.tex
Chapter 4.
[69



] [70] [71] [72]
Overfull \hbox (14.76671pt too wide) in paragraph at lines 217--218
[]\OT1/cmr/m/n/10.95 If we have a large num-ber of \OT1/cmr/bx/n/10.95 dele-tio
ns \OT1/cmr/m/n/10.95 at ran-dom po-si-tions and/or mem-ber-ship queries (\OT1/
cmr/bx/n/10.95 searching\OT1/cmr/m/n/10.95 )
 []

[73]
psfig: searching scenarios.eps for bounding box
psfig: including scenarios.eps 
[74]
psfig: searching performance.eps for bounding box
psfig: including performance.eps 
[75]
Overfull \hbox (119.2608pt too wide) in paragraph at lines 294--295
[]\OT1/cmr/m/n/10.95 Each ap-pli-ca-tion class $\OML/cmm/m/it/10.95 C[]$ \OT1/c
mr/m/n/10.95 ($1 \OMS/cmsy/m/n/10.95 ^^T \OML/cmm/m/it/10.95 i \OMS/cmsy/m/n/10
.95 ^^T \OML/cmm/m/it/10.95 l$\OT1/cmr/m/n/10.95 ) is a set of meth-ods and at-
tributes, i.e., $\OML/cmm/m/it/10.95 C[] \OT1/cmr/m/n/10.95 = \OMS/cmsy/m/n/10.
95 f\OML/cmm/m/it/10.95 m[]; m[]; [] ; m[]; a[]; a[]; [] ; a[]\OMS/cmsy/m/n/10.
95 g\OML/cmm/m/it/10.95 ;  \OT1/cmr/m/n/10.95 1 \OMS/cmsy/m/n/10.95 ^^T
 []

[76] [77] [78] [79] [80] [81] [82]
psfig: searching cor.eps for bounding box
psfig: including cor.eps 
[83]
psfig: searching precision.eps for bounding box
psfig: including precision.eps 
psfig: searching prec.eps for bounding box
psfig: including prec.eps 
[84] [85] [86]
Missing character: There is no ï in font cmr10!
Missing character: There is no ¿ in font cmr10!
Missing character: There is no ½ in font cmr10!
 [87] [88]
Overfull \hbox (14.76671pt too wide) in paragraph at lines 875--876
[]\OT1/cmr/m/n/10.95 If we have a large num-ber of \OT1/cmr/bx/n/10.95 dele-tio
ns \OT1/cmr/m/n/10.95 at ran-dom po-si-tions and/or mem-ber-ship queries (\OT1/
cmr/bx/n/10.95 searching\OT1/cmr/m/n/10.95 )
 []

[89]
File: scenarios.eps Graphic file (type eps)
 <scenarios.eps>
File: performance.eps Graphic file (type eps)
 <performance.eps>

LaTeX Warning: `h' float specifier changed to `ht'.

[90] [91] [92]
Overfull \hbox (119.2608pt too wide) in paragraph at lines 975--976
[]\OT1/cmr/m/n/10.95 Each ap-pli-ca-tion class $\OML/cmm/m/it/10.95 C[]$ \OT1/c
mr/m/n/10.95 ($1 \OMS/cmsy/m/n/10.95 ^^T \OML/cmm/m/it/10.95 i \OMS/cmsy/m/n/10
.95 ^^T \OML/cmm/m/it/10.95 l$\OT1/cmr/m/n/10.95 ) is a set of meth-ods and at-
tributes, i.e., $\OML/cmm/m/it/10.95 C[] \OT1/cmr/m/n/10.95 = \OMS/cmsy/m/n/10.
95 f\OML/cmm/m/it/10.95 m[]; m[]; [] ; m[]; a[]; a[]; [] ; a[]\OMS/cmsy/m/n/10.
95 g\OML/cmm/m/it/10.95 ;  \OT1/cmr/m/n/10.95 1 \OMS/cmsy/m/n/10.95 ^^T
 []

[93] [94] [95] [96] [97]
File: cor.eps Graphic file (type eps)
 <cor.eps> [98]
File: prec.eps Graphic file (type eps)
 <prec.eps> [99] [100] [101]
File: cor2.eps Graphic file (type eps)
 <cor2.eps>
File: prec2.eps Graphic file (type eps)

<prec2.eps>

LaTeX Warning: `h' float specifier changed to `ht'.

[102] [103]) [104]
\openout2 = `conclusions.aux'.

 (./conclusions.tex
Chapter 5.
[105



]) [106] (./RaduGaceanu-Thesis.bbl
Underfull \hbox (badness 10000) in paragraph at lines 40--43
[]\OT1/cmr/m/n/10.95 J E Beasley.  OR-Library. http://people.brunel.ac.uk/$\OMS
/cmsy/m/n/10.95 ^^X$\OT1/cmr/m/n/10.95 mastjjb/jeb/orlib
 []

[107


]
! Undefined control sequence.
l.119 \newblock Software available at \url
                                          {http://www.csie.ntu.edu.tw/~cjlin...
The control sequence at the end of the top line
of your error message was never \def'ed. If you have
misspelled it (e.g., `\hobx'), type `I' and the correct
spelling (e.g., `I\hbox'). Otherwise just continue,
and I'll forget about whatever was undefined.


Underfull \hbox (badness 10000) in paragraph at lines 148--150
[]\OT1/cmr/m/n/10.95 A com-pendium of NP op-ti-miza-tion prob-lems.  http://www
.nada.kth.se/
 []

Missing character: There is no â in font cmti10!
Missing character: There is no € in font cmti10!
Missing character: There is no ™ in font cmti10!
[108]
Missing character: There is no Ã in font cmr10!
Missing character: There is no ¶ in font cmr10!
 [109] [110]
Missing character: There is no Ã in font cmr10!
Missing character: There is no ¶ in font cmr10!
Missing character: There is no â in font cmti10!
Missing character: There is no € in font cmti10!
Missing character: There is no “ in font cmti10!
Missing character: There is no Ã in font cmti10!
Missing character: There is no ± in font cmti10!
 [111]
! Undefined control sequence.
l.522 \newblock \url
                    {http://www.mathworks.com/help/toolbox /fuzzy/fp351dup8....
The control sequence at the end of the top line
of your error message was never \def'ed. If you have
misspelled it (e.g., `\hobx'), type `I' and the correct
spelling (e.g., `I\hbox'). Otherwise just continue,
and I'll forget about whatever was undefined.


Underfull \hbox (badness 5985) in paragraph at lines 521--523
[]\OT1/cmr/m/n/10.95 Fuzzy Logic Tool-box Math-Works.  http://www.mathworks.com
/help/toolbox
 []


Underfull \hbox (badness 10000) in paragraph at lines 560--562
[]\OT1/cmr/m/n/10.95 Washington State Uni-ver-sity Col-lege of Phar-macy DI-COM
 sam-ple files.
 []


Underfull \hbox (badness 10000) in paragraph at lines 564--566
[]\OT1/cmr/m/n/10.95 Advanced Imag-ing in 3D/4D/5D Sam-ple DI-COM Im-age Sets O
sirix.
 []

[112]
Underfull \hbox (badness 4846) in paragraph at lines 593--596
[]\OT1/cmr/m/n/10.95 J.-P.: Sig-nal Roux and im-age pro-cess-ing lab sam-ple DI
-COM im-age sets.
 []

[113]
Missing character: There is no â in font cmr10!
Missing character: There is no € in font cmr10!
Missing character: There is no “ in font cmr10!
 [114]) [115] (./RaduGaceanu-Thesis.aux (./acknowledgments.aux)
(./publications.aux) (./introduction.aux) (./dataanalysis.aux)
(./contributions.aux) (./clustering.aux) (./dsselection.aux) (./conclusions.aux
))

LaTeX Warning: There were multiply-defined labels.

 ) 
Here is how much of TeX's memory you used:
 3435 strings out of 495062
 42732 string characters out of 1182644
 124860 words of memory out of 3000000
 6475 multiletter control sequences out of 15000+50000
 13551 words of font info for 49 fonts, out of 3000000 for 9000
 28 hyphenation exceptions out of 8191
 27i,18n,24p,1949b,605s stack positions out of 5000i,500n,10000p,200000b,50000s

Output written on RaduGaceanu-Thesis.dvi (118 pages, 588148 bytes).
